<?xml version="1.0" encoding="UTF-8"?>
<testsuite name="api.garage.PutVehiclePositiveTest" tests="1" skipped="0" failures="0" errors="0" timestamp="2024-01-10T17:13:25" hostname="DESKTOP-3O59KCP" time="0.009">
  <properties/>
  <testcase name="updateVehicleByIdTest" classname="api.garage.PutVehiclePositiveTest" time="0.009"/>
  <system-out><![CDATA[]]></system-out>
  <system-err><![CDATA[jan. 10, 2024 5:13:25 DA TARDE okhttp3.internal.platform.Platform log
INFO: --> PUT http://localhost:8080/vehicle/336
jan. 10, 2024 5:13:25 DA TARDE okhttp3.internal.platform.Platform log
INFO: Content-Type: application/json; charset=UTF-8
jan. 10, 2024 5:13:25 DA TARDE okhttp3.internal.platform.Platform log
INFO: Content-Length: 123
jan. 10, 2024 5:13:25 DA TARDE okhttp3.internal.platform.Platform log
INFO: 
jan. 10, 2024 5:13:25 DA TARDE okhttp3.internal.platform.Platform log
INFO: {"id":null,"client":null,"brand":"Ferrari","model":"F-50","plateYear":1995,"type":"sport","plate":"AC-44-ZZ","active":true}
jan. 10, 2024 5:13:25 DA TARDE okhttp3.internal.platform.Platform log
INFO: --> END PUT (123-byte body)
jan. 10, 2024 5:13:26 DA TARDE okhttp3.internal.platform.Platform log
INFO: <-- 200 http://localhost:8080/vehicle/336 (2ms)
jan. 10, 2024 5:13:26 DA TARDE okhttp3.internal.platform.Platform log
INFO: Content-Type: application/json
jan. 10, 2024 5:13:26 DA TARDE okhttp3.internal.platform.Platform log
INFO: Transfer-Encoding: chunked
jan. 10, 2024 5:13:26 DA TARDE okhttp3.internal.platform.Platform log
INFO: Date: Wed, 10 Jan 2024 17:13:25 GMT
jan. 10, 2024 5:13:26 DA TARDE okhttp3.internal.platform.Platform log
INFO: Keep-Alive: timeout=60
jan. 10, 2024 5:13:26 DA TARDE okhttp3.internal.platform.Platform log
INFO: Connection: keep-alive
jan. 10, 2024 5:13:26 DA TARDE okhttp3.internal.platform.Platform log
INFO: 
jan. 10, 2024 5:13:26 DA TARDE okhttp3.internal.platform.Platform log
INFO: 336
jan. 10, 2024 5:13:26 DA TARDE okhttp3.internal.platform.Platform log
INFO: <-- END HTTP (3-byte body)
jan. 10, 2024 5:13:26 DA TARDE okhttp3.internal.platform.Platform log
INFO: --> GET http://localhost:8080/vehicle/336
jan. 10, 2024 5:13:26 DA TARDE okhttp3.internal.platform.Platform log
INFO: --> END GET
jan. 10, 2024 5:13:26 DA TARDE okhttp3.internal.platform.Platform log
INFO: <-- 200 http://localhost:8080/vehicle/336 (1ms)
jan. 10, 2024 5:13:26 DA TARDE okhttp3.internal.platform.Platform log
INFO: Content-Type: application/json
jan. 10, 2024 5:13:26 DA TARDE okhttp3.internal.platform.Platform log
INFO: Transfer-Encoding: chunked
jan. 10, 2024 5:13:26 DA TARDE okhttp3.internal.platform.Platform log
INFO: Date: Wed, 10 Jan 2024 17:13:25 GMT
jan. 10, 2024 5:13:26 DA TARDE okhttp3.internal.platform.Platform log
INFO: Keep-Alive: timeout=60
jan. 10, 2024 5:13:26 DA TARDE okhttp3.internal.platform.Platform log
INFO: Connection: keep-alive
jan. 10, 2024 5:13:26 DA TARDE okhttp3.internal.platform.Platform log
INFO: 
jan. 10, 2024 5:13:26 DA TARDE okhttp3.internal.platform.Platform log
INFO: {"id":336,"client":null,"brand":"Ferrari","model":"F-50","plateYear":1995,"type":"sport","plate":"AC-44-ZZ","active":true}
jan. 10, 2024 5:13:26 DA TARDE okhttp3.internal.platform.Platform log
INFO: <-- END HTTP (122-byte body)
jan. 10, 2024 5:13:26 DA TARDE okhttp3.internal.platform.Platform log
INFO: --> DELETE http://localhost:8080/vehicle/336
jan. 10, 2024 5:13:26 DA TARDE okhttp3.internal.platform.Platform log
INFO: --> END DELETE
jan. 10, 2024 5:13:26 DA TARDE okhttp3.internal.platform.Platform log
INFO: <-- 204 http://localhost:8080/vehicle/336 (2ms)
jan. 10, 2024 5:13:26 DA TARDE okhttp3.internal.platform.Platform log
INFO: Date: Wed, 10 Jan 2024 17:13:25 GMT
jan. 10, 2024 5:13:26 DA TARDE okhttp3.internal.platform.Platform log
INFO: Keep-Alive: timeout=60
jan. 10, 2024 5:13:26 DA TARDE okhttp3.internal.platform.Platform log
INFO: Connection: keep-alive
jan. 10, 2024 5:13:26 DA TARDE okhttp3.internal.platform.Platform log
INFO: <-- END HTTP
]]></system-err>
</testsuite>
