<?xml version="1.0" encoding="UTF-8"?>
<testsuite name="api.garage.RemoveVehicleFromClientPositiveTest" tests="1" skipped="0" failures="0" errors="0" timestamp="2024-01-10T17:13:26" hostname="DESKTOP-3O59KCP" time="0.008">
  <properties/>
  <testcase name="RemoveVehicleFromClientTest" classname="api.garage.RemoveVehicleFromClientPositiveTest" time="0.008"/>
  <system-out><![CDATA[]]></system-out>
  <system-err><![CDATA[jan. 10, 2024 5:13:26 DA TARDE okhttp3.internal.platform.Platform log
INFO: --> DELETE http://localhost:8080/vehicle/338/client/
jan. 10, 2024 5:13:26 DA TARDE okhttp3.internal.platform.Platform log
INFO: --> END DELETE
jan. 10, 2024 5:13:26 DA TARDE okhttp3.internal.platform.Platform log
INFO: <-- 204 http://localhost:8080/vehicle/338/client/ (3ms)
jan. 10, 2024 5:13:26 DA TARDE okhttp3.internal.platform.Platform log
INFO: Date: Wed, 10 Jan 2024 17:13:25 GMT
jan. 10, 2024 5:13:26 DA TARDE okhttp3.internal.platform.Platform log
INFO: Keep-Alive: timeout=60
jan. 10, 2024 5:13:26 DA TARDE okhttp3.internal.platform.Platform log
INFO: Connection: keep-alive
jan. 10, 2024 5:13:26 DA TARDE okhttp3.internal.platform.Platform log
INFO: <-- END HTTP
jan. 10, 2024 5:13:26 DA TARDE okhttp3.internal.platform.Platform log
INFO: --> GET http://localhost:8080/vehicle/338
jan. 10, 2024 5:13:26 DA TARDE okhttp3.internal.platform.Platform log
INFO: --> END GET
jan. 10, 2024 5:13:26 DA TARDE okhttp3.internal.platform.Platform log
INFO: <-- 200 http://localhost:8080/vehicle/338 (1ms)
jan. 10, 2024 5:13:26 DA TARDE okhttp3.internal.platform.Platform log
INFO: Content-Type: application/json
jan. 10, 2024 5:13:26 DA TARDE okhttp3.internal.platform.Platform log
INFO: Transfer-Encoding: chunked
jan. 10, 2024 5:13:26 DA TARDE okhttp3.internal.platform.Platform log
INFO: Date: Wed, 10 Jan 2024 17:13:25 GMT
jan. 10, 2024 5:13:26 DA TARDE okhttp3.internal.platform.Platform log
INFO: Keep-Alive: timeout=60
jan. 10, 2024 5:13:26 DA TARDE okhttp3.internal.platform.Platform log
INFO: Connection: keep-alive
jan. 10, 2024 5:13:26 DA TARDE okhttp3.internal.platform.Platform log
INFO: 
jan. 10, 2024 5:13:26 DA TARDE okhttp3.internal.platform.Platform log
INFO: {"id":338,"client":null,"brand":"Renault","model":"Megane","plateYear":2019,"type":"Van","plate":"AB-22-WW","active":true}
jan. 10, 2024 5:13:26 DA TARDE okhttp3.internal.platform.Platform log
INFO: <-- END HTTP (122-byte body)
jan. 10, 2024 5:13:26 DA TARDE okhttp3.internal.platform.Platform log
INFO: --> DELETE http://localhost:8080/vehicle/338
jan. 10, 2024 5:13:26 DA TARDE okhttp3.internal.platform.Platform log
INFO: --> END DELETE
jan. 10, 2024 5:13:26 DA TARDE okhttp3.internal.platform.Platform log
INFO: <-- 204 http://localhost:8080/vehicle/338 (2ms)
jan. 10, 2024 5:13:26 DA TARDE okhttp3.internal.platform.Platform log
INFO: Date: Wed, 10 Jan 2024 17:13:25 GMT
jan. 10, 2024 5:13:26 DA TARDE okhttp3.internal.platform.Platform log
INFO: Keep-Alive: timeout=60
jan. 10, 2024 5:13:26 DA TARDE okhttp3.internal.platform.Platform log
INFO: Connection: keep-alive
jan. 10, 2024 5:13:26 DA TARDE okhttp3.internal.platform.Platform log
INFO: <-- END HTTP
]]></system-err>
</testsuite>
