<?xml version="1.0" encoding="UTF-8"?>
<testsuite name="api.garage.RemoveVehicleFromClientNegativeTest" tests="3" skipped="0" failures="0" errors="0" timestamp="2024-01-10T17:13:26" hostname="DESKTOP-3O59KCP" time="0.031">
  <properties/>
  <testcase name="RemoveVehicleFromClientTwiceTest" classname="api.garage.RemoveVehicleFromClientNegativeTest" time="0.013"/>
  <testcase name="RemoveVehicleFromClientWithNegativeIdTest" classname="api.garage.RemoveVehicleFromClientNegativeTest" time="0.004"/>
  <testcase name="RemoveVehicleFromClientWithNonExistentIdTest" classname="api.garage.RemoveVehicleFromClientNegativeTest" time="0.004"/>
  <system-out><![CDATA[]]></system-out>
  <system-err><![CDATA[jan. 10, 2024 5:13:26 DA TARDE okhttp3.internal.platform.Platform log
INFO: --> DELETE http://localhost:8080/vehicle/337/client/
jan. 10, 2024 5:13:26 DA TARDE okhttp3.internal.platform.Platform log
INFO: --> END DELETE
jan. 10, 2024 5:13:26 DA TARDE okhttp3.internal.platform.Platform log
INFO: <-- 204 http://localhost:8080/vehicle/337/client/ (3ms)
jan. 10, 2024 5:13:26 DA TARDE okhttp3.internal.platform.Platform log
INFO: Date: Wed, 10 Jan 2024 17:13:25 GMT
jan. 10, 2024 5:13:26 DA TARDE okhttp3.internal.platform.Platform log
INFO: Keep-Alive: timeout=60
jan. 10, 2024 5:13:26 DA TARDE okhttp3.internal.platform.Platform log
INFO: Connection: keep-alive
jan. 10, 2024 5:13:26 DA TARDE okhttp3.internal.platform.Platform log
INFO: <-- END HTTP
jan. 10, 2024 5:13:26 DA TARDE okhttp3.internal.platform.Platform log
INFO: --> DELETE http://localhost:8080/vehicle/337/client/
jan. 10, 2024 5:13:26 DA TARDE okhttp3.internal.platform.Platform log
INFO: --> END DELETE
jan. 10, 2024 5:13:26 DA TARDE okhttp3.internal.platform.Platform log
INFO: <-- 204 http://localhost:8080/vehicle/337/client/ (2ms)
jan. 10, 2024 5:13:26 DA TARDE okhttp3.internal.platform.Platform log
INFO: Date: Wed, 10 Jan 2024 17:13:25 GMT
jan. 10, 2024 5:13:26 DA TARDE okhttp3.internal.platform.Platform log
INFO: Keep-Alive: timeout=60
jan. 10, 2024 5:13:26 DA TARDE okhttp3.internal.platform.Platform log
INFO: Connection: keep-alive
jan. 10, 2024 5:13:26 DA TARDE okhttp3.internal.platform.Platform log
INFO: <-- END HTTP
jan. 10, 2024 5:13:26 DA TARDE okhttp3.internal.platform.Platform log
INFO: --> GET http://localhost:8080/vehicle/337
jan. 10, 2024 5:13:26 DA TARDE okhttp3.internal.platform.Platform log
INFO: --> END GET
jan. 10, 2024 5:13:26 DA TARDE okhttp3.internal.platform.Platform log
INFO: <-- 200 http://localhost:8080/vehicle/337 (1ms)
jan. 10, 2024 5:13:26 DA TARDE okhttp3.internal.platform.Platform log
INFO: Content-Type: application/json
jan. 10, 2024 5:13:26 DA TARDE okhttp3.internal.platform.Platform log
INFO: Transfer-Encoding: chunked
jan. 10, 2024 5:13:26 DA TARDE okhttp3.internal.platform.Platform log
INFO: Date: Wed, 10 Jan 2024 17:13:25 GMT
jan. 10, 2024 5:13:26 DA TARDE okhttp3.internal.platform.Platform log
INFO: Keep-Alive: timeout=60
jan. 10, 2024 5:13:26 DA TARDE okhttp3.internal.platform.Platform log
INFO: Connection: keep-alive
jan. 10, 2024 5:13:26 DA TARDE okhttp3.internal.platform.Platform log
INFO: 
jan. 10, 2024 5:13:26 DA TARDE okhttp3.internal.platform.Platform log
INFO: {"id":337,"client":null,"brand":"Renault","model":"Megane","plateYear":2019,"type":"Van","plate":"AB-22-WW","active":true}
jan. 10, 2024 5:13:26 DA TARDE okhttp3.internal.platform.Platform log
INFO: <-- END HTTP (122-byte body)
jan. 10, 2024 5:13:26 DA TARDE okhttp3.internal.platform.Platform log
INFO: --> DELETE http://localhost:8080/vehicle/337
jan. 10, 2024 5:13:26 DA TARDE okhttp3.internal.platform.Platform log
INFO: --> END DELETE
jan. 10, 2024 5:13:26 DA TARDE okhttp3.internal.platform.Platform log
INFO: <-- 204 http://localhost:8080/vehicle/337 (2ms)
jan. 10, 2024 5:13:26 DA TARDE okhttp3.internal.platform.Platform log
INFO: Date: Wed, 10 Jan 2024 17:13:25 GMT
jan. 10, 2024 5:13:26 DA TARDE okhttp3.internal.platform.Platform log
INFO: Keep-Alive: timeout=60
jan. 10, 2024 5:13:26 DA TARDE okhttp3.internal.platform.Platform log
INFO: Connection: keep-alive
jan. 10, 2024 5:13:26 DA TARDE okhttp3.internal.platform.Platform log
INFO: <-- END HTTP
jan. 10, 2024 5:13:26 DA TARDE okhttp3.internal.platform.Platform log
INFO: --> DELETE http://localhost:8080/vehicle/-1/client/
jan. 10, 2024 5:13:26 DA TARDE okhttp3.internal.platform.Platform log
INFO: --> END DELETE
jan. 10, 2024 5:13:26 DA TARDE okhttp3.internal.platform.Platform log
INFO: <-- 404 http://localhost:8080/vehicle/-1/client/ (2ms)
jan. 10, 2024 5:13:26 DA TARDE okhttp3.internal.platform.Platform log
INFO: Content-Type: application/json
jan. 10, 2024 5:13:26 DA TARDE okhttp3.internal.platform.Platform log
INFO: Transfer-Encoding: chunked
jan. 10, 2024 5:13:26 DA TARDE okhttp3.internal.platform.Platform log
INFO: Date: Wed, 10 Jan 2024 17:13:25 GMT
jan. 10, 2024 5:13:26 DA TARDE okhttp3.internal.platform.Platform log
INFO: Keep-Alive: timeout=60
jan. 10, 2024 5:13:26 DA TARDE okhttp3.internal.platform.Platform log
INFO: Connection: keep-alive
jan. 10, 2024 5:13:26 DA TARDE okhttp3.internal.platform.Platform log
INFO: 
jan. 10, 2024 5:13:26 DA TARDE okhttp3.internal.platform.Platform log
INFO: {"timestamp":"2024-01-10T17:13:26.032+00:00","status":404,"error":"Not Found","message":"Not found","path":"/vehicle/-1/client/"}
jan. 10, 2024 5:13:26 DA TARDE okhttp3.internal.platform.Platform log
INFO: <-- END HTTP (129-byte body)
jan. 10, 2024 5:13:26 DA TARDE okhttp3.internal.platform.Platform log
INFO: --> DELETE http://localhost:8080/vehicle/337
jan. 10, 2024 5:13:26 DA TARDE okhttp3.internal.platform.Platform log
INFO: --> END DELETE
jan. 10, 2024 5:13:26 DA TARDE okhttp3.internal.platform.Platform log
INFO: <-- 204 http://localhost:8080/vehicle/337 (1ms)
jan. 10, 2024 5:13:26 DA TARDE okhttp3.internal.platform.Platform log
INFO: Date: Wed, 10 Jan 2024 17:13:25 GMT
jan. 10, 2024 5:13:26 DA TARDE okhttp3.internal.platform.Platform log
INFO: Keep-Alive: timeout=60
jan. 10, 2024 5:13:26 DA TARDE okhttp3.internal.platform.Platform log
INFO: Connection: keep-alive
jan. 10, 2024 5:13:26 DA TARDE okhttp3.internal.platform.Platform log
INFO: <-- END HTTP
jan. 10, 2024 5:13:26 DA TARDE okhttp3.internal.platform.Platform log
INFO: --> DELETE http://localhost:8080/vehicle/0/client/
jan. 10, 2024 5:13:26 DA TARDE okhttp3.internal.platform.Platform log
INFO: --> END DELETE
jan. 10, 2024 5:13:26 DA TARDE okhttp3.internal.platform.Platform log
INFO: <-- 404 http://localhost:8080/vehicle/0/client/ (2ms)
jan. 10, 2024 5:13:26 DA TARDE okhttp3.internal.platform.Platform log
INFO: Content-Type: application/json
jan. 10, 2024 5:13:26 DA TARDE okhttp3.internal.platform.Platform log
INFO: Transfer-Encoding: chunked
jan. 10, 2024 5:13:26 DA TARDE okhttp3.internal.platform.Platform log
INFO: Date: Wed, 10 Jan 2024 17:13:25 GMT
jan. 10, 2024 5:13:26 DA TARDE okhttp3.internal.platform.Platform log
INFO: Keep-Alive: timeout=60
jan. 10, 2024 5:13:26 DA TARDE okhttp3.internal.platform.Platform log
INFO: Connection: keep-alive
jan. 10, 2024 5:13:26 DA TARDE okhttp3.internal.platform.Platform log
INFO: 
jan. 10, 2024 5:13:26 DA TARDE okhttp3.internal.platform.Platform log
INFO: {"timestamp":"2024-01-10T17:13:26.040+00:00","status":404,"error":"Not Found","message":"Not found","path":"/vehicle/0/client/"}
jan. 10, 2024 5:13:26 DA TARDE okhttp3.internal.platform.Platform log
INFO: <-- END HTTP (128-byte body)
jan. 10, 2024 5:13:26 DA TARDE okhttp3.internal.platform.Platform log
INFO: --> DELETE http://localhost:8080/vehicle/337
jan. 10, 2024 5:13:26 DA TARDE okhttp3.internal.platform.Platform log
INFO: --> END DELETE
jan. 10, 2024 5:13:26 DA TARDE okhttp3.internal.platform.Platform log
INFO: <-- 204 http://localhost:8080/vehicle/337 (1ms)
jan. 10, 2024 5:13:26 DA TARDE okhttp3.internal.platform.Platform log
INFO: Date: Wed, 10 Jan 2024 17:13:25 GMT
jan. 10, 2024 5:13:26 DA TARDE okhttp3.internal.platform.Platform log
INFO: Keep-Alive: timeout=60
jan. 10, 2024 5:13:26 DA TARDE okhttp3.internal.platform.Platform log
INFO: Connection: keep-alive
jan. 10, 2024 5:13:26 DA TARDE okhttp3.internal.platform.Platform log
INFO: <-- END HTTP
]]></system-err>
</testsuite>
